# JRE version: Java(TM) SE Runtime Environment (8.0_91-b14) (build 1.8.0_91-b14)
# Java VM: Java HotSpot(TM) 64-Bit Server VM (25.91-b14 mixed mode linux-amd64 compressed oops)
Heap:
 PSYoungGen      total 284672K, used 15484K [0x00000000eb780000, 0x00000000fe600000, 0x0000000100000000)
  eden space 276992K, 5% used [0x00000000eb780000,0x00000000ec69f170,0x00000000fc600000)
  from space 7680K, 0% used [0x00000000fde80000,0x00000000fde80000,0x00000000fe600000)
  to   space 15872K, 0% used [0x00000000fc700000,0x00000000fc700000,0x00000000fd680000)
 ParOldGen       total 73216K, used 31092K [0x00000000c2600000, 0x00000000c6d80000, 0x00000000eb780000)
  object space 73216K, 42% used [0x00000000c2600000,0x00000000c445d1b0,0x00000000c6d80000)
 Metaspace       used 58476K, capacity 59204K, committed 59608K, reserved 1101824K
  class space    used 7492K, capacity 7656K, committed 7680K, reserved 1048576K
GC Heap History (10 events):
Event: 21,636 GC heap before
{Heap before GC invocations=13 (full 2):
 PSYoungGen      total 167936K, used 6572K [0x00000000eb780000, 0x00000000fa500000, 0x0000000100000000)
  eden space 155136K, 0% used [0x00000000eb780000,0x00000000eb780000,0x00000000f4f00000)
  from space 12800K, 51% used [0x00000000f4f00000,0x00000000f556b0c8,0x00000000f5b80000)
  to   space 12288K, 0% used [0x00000000f9900000,0x00000000f9900000,0x00000000fa500000)
 ParOldGen       total 33792K, used 19411K [0x00000000c2600000, 0x00000000c4700000, 0x00000000eb780000)
  object space 33792K, 57% used [0x00000000c2600000,0x00000000c38f4f18,0x00000000c4700000)
 Metaspace       used 34873K, capacity 35330K, committed 35456K, reserved 1081344K
  class space    used 4280K, capacity 4395K, committed 4480K, reserved 1048576K
Event: 21,868 GC heap after
Heap after GC invocations=13 (full 2):
 PSYoungGen      total 167936K, used 0K [0x00000000eb780000, 0x00000000fa500000, 0x0000000100000000)
  eden space 155136K, 0% used [0x00000000eb780000,0x00000000eb780000,0x00000000f4f00000)
  from space 12800K, 0% used [0x00000000f4f00000,0x00000000f4f00000,0x00000000f5b80000)
  to   space 12288K, 0% used [0x00000000f9900000,0x00000000f9900000,0x00000000fa500000)
 ParOldGen       total 55808K, used 23011K [0x00000000c2600000, 0x00000000c5c80000, 0x00000000eb780000)
  object space 55808K, 41% used [0x00000000c2600000,0x00000000c3c78cf8,0x00000000c5c80000)
 Metaspace       used 34873K, capacity 35330K, committed 35456K, reserved 1081344K
  class space    used 4280K, capacity 4395K, committed 4480K, reserved 1048576K
}
Event: 30,043 GC heap before
{Heap before GC invocations=14 (full 2):
 PSYoungGen      total 167936K, used 155136K [0x00000000eb780000, 0x00000000fa500000, 0x0000000100000000)
  eden space 155136K, 100% used [0x00000000eb780000,0x00000000f4f00000,0x00000000f4f00000)
  from space 12800K, 0% used [0x00000000f4f00000,0x00000000f4f00000,0x00000000f5b80000)
  to   space 12288K, 0% used [0x00000000f9900000,0x00000000f9900000,0x00000000fa500000)
 ParOldGen       total 55808K, used 23011K [0x00000000c2600000, 0x00000000c5c80000, 0x00000000eb780000)
  object space 55808K, 41% used [0x00000000c2600000,0x00000000c3c78cf8,0x00000000c5c80000)
 Metaspace       used 49006K, capacity 49588K, committed 49920K, reserved 1093632K
  class space    used 6266K, capacity 6398K, committed 6400K, reserved 1048576K
Event: 30,143 GC heap after
Heap after GC invocations=14 (full 2):
 PSYoungGen      total 224256K, used 12272K [0x00000000eb780000, 0x00000000fa680000, 0x0000000100000000)
  eden space 211968K, 0% used [0x00000000eb780000,0x00000000eb780000,0x00000000f8680000)
  from space 12288K, 99% used [0x00000000f9900000,0x00000000fa4fc0f8,0x00000000fa500000)
  to   space 16384K, 0% used [0x00000000f8680000,0x00000000f8680000,0x00000000f9680000)
 ParOldGen       total 55808K, used 29706K [0x00000000c2600000, 0x00000000c5c80000, 0x00000000eb780000)
  object space 55808K, 53% used [0x00000000c2600000,0x00000000c4302930,0x00000000c5c80000)
 Metaspace       used 49006K, capacity 49588K, committed 49920K, reserved 1093632K
  class space    used 6266K, capacity 6398K, committed 6400K, reserved 1048576K
}
Event: 43,270 GC heap before
{Heap before GC invocations=15 (full 2):
 PSYoungGen      total 224256K, used 224240K [0x00000000eb780000, 0x00000000fa680000, 0x0000000100000000)
  eden space 211968K, 100% used [0x00000000eb780000,0x00000000f8680000,0x00000000f8680000)
  from space 12288K, 99% used [0x00000000f9900000,0x00000000fa4fc0f8,0x00000000fa500000)
  to   space 16384K, 0% used [0x00000000f8680000,0x00000000f8680000,0x00000000f9680000)
 ParOldGen       total 55808K, used 29706K [0x00000000c2600000, 0x00000000c5c80000, 0x00000000eb780000)
  object space 55808K, 53% used [0x00000000c2600000,0x00000000c4302930,0x00000000c5c80000)
 Metaspace       used 52815K, capacity 53392K, committed 53760K, reserved 1095680K
  class space    used 6784K, capacity 6889K, committed 6912K, reserved 1048576K
Event: 43,427 GC heap after
Heap after GC invocations=15 (full 2):
 PSYoungGen      total 228352K, used 10124K [0x00000000eb780000, 0x00000000fee80000, 0x0000000100000000)
  eden space 211968K, 0% used [0x00000000eb780000,0x00000000eb780000,0x00000000f8680000)
  from space 16384K, 61% used [0x00000000f8680000,0x00000000f9063330,0x00000000f9680000)
  to   space 16384K, 0% used [0x00000000fde80000,0x00000000fde80000,0x00000000fee80000)
 ParOldGen       total 55808K, used 34832K [0x00000000c2600000, 0x00000000c5c80000, 0x00000000eb780000)
  object space 55808K, 62% used [0x00000000c2600000,0x00000000c4804270,0x00000000c5c80000)
 Metaspace       used 52815K, capacity 53392K, committed 53760K, reserved 1095680K
  class space    used 6784K, capacity 6889K, committed 6912K, reserved 1048576K
}
Event: 434,557 GC heap before
{Heap before GC invocations=16 (full 2):
 PSYoungGen      total 228352K, used 131079K [0x00000000eb780000, 0x00000000fee80000, 0x0000000100000000)
  eden space 211968K, 57% used [0x00000000eb780000,0x00000000f2d9e9b8,0x00000000f8680000)
  from space 16384K, 61% used [0x00000000f8680000,0x00000000f9063330,0x00000000f9680000)
  to   space 16384K, 0% used [0x00000000fde80000,0x00000000fde80000,0x00000000fee80000)
 ParOldGen       total 55808K, used 34832K [0x00000000c2600000, 0x00000000c5c80000, 0x00000000eb780000)
  object space 55808K, 62% used [0x00000000c2600000,0x00000000c4804270,0x00000000c5c80000)
 Metaspace       used 58055K, capacity 58762K, committed 59096K, reserved 1101824K
  class space    used 7445K, capacity 7615K, committed 7680K, reserved 1048576K
Event: 434,684 GC heap after
Heap after GC invocations=16 (full 2):
 PSYoungGen      total 284672K, used 7292K [0x00000000eb780000, 0x00000000fe600000, 0x0000000100000000)
  eden space 276992K, 0% used [0x00000000eb780000,0x00000000eb780000,0x00000000fc600000)
  from space 7680K, 94% used [0x00000000fde80000,0x00000000fe59f238,0x00000000fe600000)
  to   space 15872K, 0% used [0x00000000fc700000,0x00000000fc700000,0x00000000fd680000)
 ParOldGen       total 55808K, used 39564K [0x00000000c2600000, 0x00000000c5c80000, 0x00000000eb780000)
  object space 55808K, 70% used [0x00000000c2600000,0x00000000c4ca32d0,0x00000000c5c80000)
 Metaspace       used 58055K, capacity 58762K, committed 59096K, reserved 1101824K
  class space    used 7445K, capacity 7615K, committed 7680K, reserved 1048576K
}
Event: 434,684 GC heap before
{Heap before GC invocations=17 (full 3):
 PSYoungGen      total 284672K, used 7292K [0x00000000eb780000, 0x00000000fe600000, 0x0000000100000000)
  eden space 276992K, 0% used [0x00000000eb780000,0x00000000eb780000,0x00000000fc600000)
  from space 7680K, 94% used [0x00000000fde80000,0x00000000fe59f238,0x00000000fe600000)
  to   space 15872K, 0% used [0x00000000fc700000,0x00000000fc700000,0x00000000fd680000)
 ParOldGen       total 55808K, used 39564K [0x00000000c2600000, 0x00000000c5c80000, 0x00000000eb780000)
  object space 55808K, 70% used [0x00000000c2600000,0x00000000c4ca32d0,0x00000000c5c80000)
 Metaspace       used 58055K, capacity 58762K, committed 59096K, reserved 1101824K
  class space    used 7445K, capacity 7615K, committed 7680K, reserved 1048576K
Event: 435,391 GC heap after
Heap after GC invocations=17 (full 3):
 PSYoungGen      total 284672K, used 0K [0x00000000eb780000, 0x00000000fe600000, 0x0000000100000000)
  eden space 276992K, 0% used [0x00000000eb780000,0x00000000eb780000,0x00000000fc600000)
  from space 7680K, 0% used [0x00000000fde80000,0x00000000fde80000,0x00000000fe600000)
  to   space 15872K, 0% used [0x00000000fc700000,0x00000000fc700000,0x00000000fd680000)
 ParOldGen       total 73216K, used 31092K [0x00000000c2600000, 0x00000000c6d80000, 0x00000000eb780000)
  object space 73216K, 42% used [0x00000000c2600000,0x00000000c445d1b0,0x00000000c6d80000)
 Metaspace       used 58055K, capacity 58762K, committed 59096K, reserved 1101824K
  class space    used 7445K, capacity 7615K, committed 7680K, reserved 1048576K
}

